<?xml version="1.0" encoding="UTF-8"?>
<!-- Generated by org.testng.reporters.JUnitReportReporter -->
<testsuite skipped="0" hostname="terris-air.lan" name="org.terrimitchell.election_test.suites.Election" tests="1" failures="0" timestamp="2020-04-05T20:05:18 EDT" time="21.353" errors="0">
  <testcase name="validateUiElectionTitle" time="21.353" classname="org.terrimitchell.election_test.suites.Election"/>
  <system-out>
<h3>Verify title of UI page for Elections lookup.</h3> <font color="#00aa00">PASSED: Title is correct.</font>  </system-out>
</testsuite> <!-- org.terrimitchell.election_test.suites.Election -->
