<?xml version="1.0" encoding="UTF-8"?>
<!-- Generated by org.testng.reporters.JUnitReportReporter -->
<testsuite skipped="0" hostname="terris-air.lan" name="org.terrimitchell.election_test.suites.ElectionApi" tests="8" failures="0" timestamp="2020-04-05T20:38:05 EDT" time="7.833" errors="0">
  <testcase name="failedApiElectionQuery4" time="0.977" classname="org.terrimitchell.election_test.suites.ElectionApi"/>
  <system-out>
<h3>Verify response attempt to POST instead of GET to Elections API call with no key.</h3> <html>
  <body>Not Found</body>
</html> <font color="#00aa00">PASSED: Status code = 404</font>  </system-out>
  <testcase name="validApiElectionQuery1" time="0.224" classname="org.terrimitchell.election_test.suites.ElectionApi"/>
  <system-out>
<h3>Verify response when have valid query param 'key' attached to Elections API call.</h3> {
    "kind": "civicinfo#electionsQueryResponse",
    "elections": [
        {
            "id": "2000",
            "name": "VIP Test Election",
            "electionDay": "2021-06-06",
            "ocdDivisionId": "ocd-division/country:us"
        },
        {
            "id": "4933",
            "name": "Wisconsin Presidential Primary Election",
            "electionDay": "2020-04-07",
            "ocdDivisionId": "ocd-division/country:us/state:wi"
        },
        {
            "id": "4964",
            "name": "DC Presidential and State Primary Election",
            "electionDay": "2020-06-02",
            "ocdDivisionId": "ocd-division/country:us/district:dc"
        }
    ]
} <font color="#00aa00">PASSED: Status code = 200</font> <font color="#00aa00">PASSED: Count = 3</font>  </system-out>
  <testcase name="failedApiElectionQuery2" time="1.392" classname="org.terrimitchell.election_test.suites.ElectionApi"/>
  <system-out>
<h3>Verify response when pass empty query param 'key' to Elections API call.</h3> {
    "error": {
        "errors": [
            {
                "domain": "usageLimits",
                "reason": "keyInvalid",
                "message": "Bad Request"
            }
        ],
        "code": 400,
        "message": "Bad Request"
    }
} <font color="#00aa00">PASSED: Status code = 400</font> <font color="#00aa00">PASSED: Content = keyInvalid</font>  </system-out>
  <testcase name="failedApiElectionQuery3" time="0.230" classname="org.terrimitchell.election_test.suites.ElectionApi"/>
  <system-out>
<h3>Verify response when pass invalid query param 'key' to Elections API call.</h3> {
    "error": {
        "errors": [
            {
                "domain": "usageLimits",
                "reason": "keyInvalid",
                "message": "Bad Request"
            }
        ],
        "code": 400,
        "message": "Bad Request"
    }
} <font color="#00aa00">PASSED: Status code = 400</font> <font color="#00aa00">PASSED: Content = keyInvalid</font>  </system-out>
  <testcase name="failedApiElectionQuery7" time="0.578" classname="org.terrimitchell.election_test.suites.ElectionApi"/>
  <system-out>
<h3>Verify response attempt to PUT instead of GET to Elections API call with valid key.</h3> <html>
  <body>Not Found</body>
</html> <font color="#00aa00">PASSED: Status code = 404</font>  </system-out>
  <testcase name="failedApiElectionQuery1" time="3.950" classname="org.terrimitchell.election_test.suites.ElectionApi"/>
  <system-out>
<h3>Verify response when missing query param 'key' to Elections API call.</h3> {
    "error": {
        "errors": [
            {
                "domain": "usageLimits",
                "reason": "dailyLimitExceededUnreg",
                "message": "Daily Limit for Unauthenticated Use Exceeded. Continued use requires signup.",
                "extendedHelp": "https://code.google.com/apis/console"
            }
        ],
        "code": 403,
        "message": "Daily Limit for Unauthenticated Use Exceeded. Continued use requires signup."
    }
} <font color="#00aa00">PASSED: Status code = 403</font>  </system-out>
  <testcase name="failedApiElectionQuery5" time="0.267" classname="org.terrimitchell.election_test.suites.ElectionApi"/>
  <system-out>
<h3>Verify response attempt to POST instead of GET to Elections API call with empty key.</h3> <html>
  <body>Not Found</body>
</html> <font color="#00aa00">PASSED: Status code = 404</font>  </system-out>
  <testcase name="failedApiElectionQuery6" time="0.215" classname="org.terrimitchell.election_test.suites.ElectionApi"/>
  <system-out>
<h3>Verify response attempt to POST instead of GET to Elections API call with valid key.</h3> <html>
  <body>Not Found</body>
</html> <font color="#00aa00">PASSED: Status code = 404</font>  </system-out>
</testsuite> <!-- org.terrimitchell.election_test.suites.ElectionApi -->
